<?xml version="1.0" encoding="UTF-8"?>
<!-- Generated by org.testng.reporters.JUnitXMLReporter -->
<testsuite ignored="0" hostname="LKLT1248" failures="1" tests="1" name="Test ValidateTitle" time="18.287" errors="0" timestamp="2022-06-12T21:17:13 IST">
  <testcase classname="Academy.ValidateTitleTest" name="titleNavigation" time="0.043">
    <failure type="java.lang.AssertionError" message="expected [FEATURED COURSES123] but found [FEATURED COURSES]">
      <![CDATA[java.lang.AssertionError: expected [FEATURED COURSES123] but found [FEATURED COURSES]
at Academy.ValidateTitleTest.titleNavigation(ValidateTitleTest.java:35)
at java.base/java.util.ArrayList.forEach(ArrayList.java:1511)
... Removed 33 stack frames]]>
    </failure>
  </testcase> <!-- titleNavigation -->
</testsuite> <!-- Test ValidateTitle -->
