<?xml version="1.0" encoding="UTF-8"?>
<!-- Generated by org.testng.reporters.JUnitXMLReporter -->
<testsuite hostname="LKLT1248" ignored="0" name="Test ValidateTitle" tests="1" failures="1" timestamp="2022-06-13T01:19:13 IST" time="19.077" errors="0">
  <testcase name="titleNavigation" time="0.066" classname="Academy.ValidateTitleTest">
    <failure type="java.lang.AssertionError" message="expected [FEATURED COURSES123] but found [FEATURED COURSES]">
      <![CDATA[java.lang.AssertionError: expected [FEATURED COURSES123] but found [FEATURED COURSES]
at Academy.ValidateTitleTest.titleNavigation(ValidateTitleTest.java:35)
at java.util.ArrayList.forEach(ArrayList.java:1259)
... Removed 37 stack frames]]>
    </failure>
  </testcase> <!-- titleNavigation -->
</testsuite> <!-- Test ValidateTitle -->
